   1              		.syntax unified
   2              		.cpu cortex-m4
   3              		.eabi_attribute 27, 3
   4              		.fpu fpv4-sp-d16
   5              		.eabi_attribute 20, 1
   6              		.eabi_attribute 21, 1
   7              		.eabi_attribute 23, 3
   8              		.eabi_attribute 24, 1
   9              		.eabi_attribute 25, 1
  10              		.eabi_attribute 26, 1
  11              		.eabi_attribute 30, 6
  12              		.eabi_attribute 34, 1
  13              		.eabi_attribute 18, 4
  14              		.thumb
  15              		.file	"debug.cpp"
  16              		.text
  17              	.Ltext0:
  18              		.cfi_sections	.debug_frame
  19              		.align	2
  20              		.global	_Z10blink_ledsv
  21              		.thumb
  22              		.thumb_func
  24              	_Z10blink_ledsv:
  25              	.LFB111:
  26              		.file 1 "../src/debug.cpp"
   1:../src/debug.cpp **** /*
   2:../src/debug.cpp ****  * debug.cpp
   3:../src/debug.cpp ****  *
   4:../src/debug.cpp ****  *  Created on: Feb 19, 2013
   5:../src/debug.cpp ****  *      Author: root
   6:../src/debug.cpp ****  */
   7:../src/debug.cpp **** 
   8:../src/debug.cpp **** #include "debug.h"
   9:../src/debug.cpp **** 
  10:../src/debug.cpp **** void blink_leds(void)
  11:../src/debug.cpp **** {
  27              		.loc 1 11 0
  28              		.cfi_startproc
  29              		@ args = 0, pretend = 0, frame = 8
  30              		@ frame_needed = 1, uses_anonymous_args = 0
  31 0000 80B5     		push	{r7, lr}
  32              	.LCFI0:
  33              		.cfi_def_cfa_offset 8
  34              		.cfi_offset 7, -8
  35              		.cfi_offset 14, -4
  36 0002 82B0     		sub	sp, sp, #8
  37              	.LCFI1:
  38              		.cfi_def_cfa_offset 16
  39 0004 00AF     		add	r7, sp, #0
  40              	.LCFI2:
  41              		.cfi_def_cfa_register 7
  42              	.LBB2:
  12:../src/debug.cpp **** 	int foo = 0;
  43              		.loc 1 12 0
  44 0006 4FF00003 		mov	r3, #0
  45 000a 7B60     		str	r3, [r7, #4]
  13:../src/debug.cpp **** 	for(foo = 0; foo < 160000; ++foo){
  46              		.loc 1 13 0
  47 000c 4FF00003 		mov	r3, #0
  48 0010 7B60     		str	r3, [r7, #4]
  49 0012 0DE0     		b	.L2
  50              	.L3:
  14:../src/debug.cpp **** 		GPIO_WriteBit(GPIOE, GPIO_Pin_8 | GPIO_Pin_9 | GPIO_Pin_15, Bit_SET);
  51              		.loc 1 14 0 discriminator 2
  52 0014 4FF48050 		mov	r0, #4096
  53 0018 C4F60000 		movt	r0, 18432
  54 001c 4FF40341 		mov	r1, #33536
  55 0020 4FF00102 		mov	r2, #1
  56 0024 FFF7FEFF 		bl	GPIO_WriteBit
  13:../src/debug.cpp **** 	for(foo = 0; foo < 160000; ++foo){
  57              		.loc 1 13 0 discriminator 2
  58 0028 7B68     		ldr	r3, [r7, #4]
  59 002a 03F10103 		add	r3, r3, #1
  60 002e 7B60     		str	r3, [r7, #4]
  61              	.L2:
  13:../src/debug.cpp **** 	for(foo = 0; foo < 160000; ++foo){
  62              		.loc 1 13 0 is_stmt 0 discriminator 1
  63 0030 7A68     		ldr	r2, [r7, #4]
  64 0032 47F2FF03 		movw	r3, #28927
  65 0036 C0F20203 		movt	r3, 2
  66 003a 9A42     		cmp	r2, r3
  67 003c CCBF     		ite	gt
  68 003e 0023     		movgt	r3, #0
  69 0040 0123     		movle	r3, #1
  70 0042 DBB2     		uxtb	r3, r3
  71 0044 002B     		cmp	r3, #0
  72 0046 E5D1     		bne	.L3
  15:../src/debug.cpp **** 	}
  16:../src/debug.cpp **** 	for(foo = 0; foo < 160000; ++foo){
  73              		.loc 1 16 0 is_stmt 1
  74 0048 4FF00003 		mov	r3, #0
  75 004c 7B60     		str	r3, [r7, #4]
  76 004e 0DE0     		b	.L4
  77              	.L5:
  17:../src/debug.cpp **** 		GPIO_WriteBit(GPIOE, GPIO_Pin_8 | GPIO_Pin_9 | GPIO_Pin_15, Bit_RESET);
  78              		.loc 1 17 0 discriminator 2
  79 0050 4FF48050 		mov	r0, #4096
  80 0054 C4F60000 		movt	r0, 18432
  81 0058 4FF40341 		mov	r1, #33536
  82 005c 4FF00002 		mov	r2, #0
  83 0060 FFF7FEFF 		bl	GPIO_WriteBit
  16:../src/debug.cpp **** 	for(foo = 0; foo < 160000; ++foo){
  84              		.loc 1 16 0 discriminator 2
  85 0064 7B68     		ldr	r3, [r7, #4]
  86 0066 03F10103 		add	r3, r3, #1
  87 006a 7B60     		str	r3, [r7, #4]
  88              	.L4:
  16:../src/debug.cpp **** 	for(foo = 0; foo < 160000; ++foo){
  89              		.loc 1 16 0 is_stmt 0 discriminator 1
  90 006c 7A68     		ldr	r2, [r7, #4]
  91 006e 47F2FF03 		movw	r3, #28927
  92 0072 C0F20203 		movt	r3, 2
  93 0076 9A42     		cmp	r2, r3
  94 0078 CCBF     		ite	gt
  95 007a 0023     		movgt	r3, #0
  96 007c 0123     		movle	r3, #1
  97 007e DBB2     		uxtb	r3, r3
  98 0080 002B     		cmp	r3, #0
  99 0082 E5D1     		bne	.L5
 100              	.LBE2:
  18:../src/debug.cpp **** 	}
  19:../src/debug.cpp **** }
 101              		.loc 1 19 0 is_stmt 1
 102 0084 07F10807 		add	r7, r7, #8
 103 0088 BD46     		mov	sp, r7
 104 008a 80BD     		pop	{r7, pc}
 105              		.cfi_endproc
 106              	.LFE111:
 108              		.align	2
 109              		.global	_Z10UART1_initv
 110              		.thumb
 111              		.thumb_func
 113              	_Z10UART1_initv:
 114              	.LFB112:
  20:../src/debug.cpp **** 
  21:../src/debug.cpp **** /* Initializes the primary debug UART port, at main Baud Rate of 115200 bps, 8n1 parity
  22:../src/debug.cpp ****  * @Args: None
  23:../src/debug.cpp ****  * @Return Val: None
  24:../src/debug.cpp ****  */
  25:../src/debug.cpp **** 
  26:../src/debug.cpp **** void UART1_init(void)
  27:../src/debug.cpp **** {
 115              		.loc 1 27 0
 116              		.cfi_startproc
 117              		@ args = 0, pretend = 0, frame = 32
 118              		@ frame_needed = 1, uses_anonymous_args = 0
 119 008c 80B5     		push	{r7, lr}
 120              	.LCFI3:
 121              		.cfi_def_cfa_offset 8
 122              		.cfi_offset 7, -8
 123              		.cfi_offset 14, -4
 124 008e 88B0     		sub	sp, sp, #32
 125              	.LCFI4:
 126              		.cfi_def_cfa_offset 40
 127 0090 00AF     		add	r7, sp, #0
 128              	.LCFI5:
 129              		.cfi_def_cfa_register 7
 130              	.LBB3:
  28:../src/debug.cpp **** 	// USART1 Init:
  29:../src/debug.cpp **** 
  30:../src/debug.cpp **** 	GPIO_InitTypeDef a;
  31:../src/debug.cpp **** 
  32:../src/debug.cpp **** 	USART_InitTypeDef u1;
  33:../src/debug.cpp **** 
  34:../src/debug.cpp **** 	u1.USART_BaudRate = 115200;
 131              		.loc 1 34 0
 132 0092 4FF4E133 		mov	r3, #115200
 133 0096 3B60     		str	r3, [r7, #0]
  35:../src/debug.cpp **** 	u1.USART_HardwareFlowControl = USART_HardwareFlowControl_None;
 134              		.loc 1 35 0
 135 0098 4FF00003 		mov	r3, #0
 136 009c 7B61     		str	r3, [r7, #20]
  36:../src/debug.cpp **** 	u1.USART_Mode = USART_Mode_Rx | USART_Mode_Tx;
 137              		.loc 1 36 0
 138 009e 4FF00C03 		mov	r3, #12
 139 00a2 3B61     		str	r3, [r7, #16]
  37:../src/debug.cpp **** 	u1.USART_Parity = USART_Parity_No;
 140              		.loc 1 37 0
 141 00a4 4FF00003 		mov	r3, #0
 142 00a8 FB60     		str	r3, [r7, #12]
  38:../src/debug.cpp **** 	u1.USART_StopBits = USART_StopBits_1;
 143              		.loc 1 38 0
 144 00aa 4FF00003 		mov	r3, #0
 145 00ae BB60     		str	r3, [r7, #8]
  39:../src/debug.cpp **** 	u1.USART_WordLength = USART_WordLength_8b;
 146              		.loc 1 39 0
 147 00b0 4FF00003 		mov	r3, #0
 148 00b4 7B60     		str	r3, [r7, #4]
  40:../src/debug.cpp **** 
  41:../src/debug.cpp **** 	a.GPIO_Pin = GPIO_Pin_9 | GPIO_Pin_10;
 149              		.loc 1 41 0
 150 00b6 4FF4C063 		mov	r3, #1536
 151 00ba BB61     		str	r3, [r7, #24]
  42:../src/debug.cpp **** 	a.GPIO_Mode = GPIO_Mode_AF;
 152              		.loc 1 42 0
 153 00bc 4FF00203 		mov	r3, #2
 154 00c0 3B77     		strb	r3, [r7, #28]
  43:../src/debug.cpp **** 	a.GPIO_OType = GPIO_OType_PP;
 155              		.loc 1 43 0
 156 00c2 4FF00003 		mov	r3, #0
 157 00c6 BB77     		strb	r3, [r7, #30]
  44:../src/debug.cpp **** 	a.GPIO_Speed = GPIO_Speed_50MHz;
 158              		.loc 1 44 0
 159 00c8 4FF00303 		mov	r3, #3
 160 00cc 7B77     		strb	r3, [r7, #29]
  45:../src/debug.cpp **** 	a.GPIO_PuPd = GPIO_PuPd_NOPULL;
 161              		.loc 1 45 0
 162 00ce 4FF00003 		mov	r3, #0
 163 00d2 FB77     		strb	r3, [r7, #31]
  46:../src/debug.cpp **** 
  47:../src/debug.cpp **** 	RCC_APB2PeriphClockCmd(RCC_APB2Periph_USART1, ENABLE);
 164              		.loc 1 47 0
 165 00d4 4FF48040 		mov	r0, #16384
 166 00d8 4FF00101 		mov	r1, #1
 167 00dc FFF7FEFF 		bl	RCC_APB2PeriphClockCmd
  48:../src/debug.cpp **** 	RCC_AHBPeriphClockCmd(RCC_AHBPeriph_GPIOA, ENABLE);
 168              		.loc 1 48 0
 169 00e0 4FF40030 		mov	r0, #131072
 170 00e4 4FF00101 		mov	r1, #1
 171 00e8 FFF7FEFF 		bl	RCC_AHBPeriphClockCmd
  49:../src/debug.cpp **** 
  50:../src/debug.cpp **** 	GPIO_PinAFConfig(GPIOA, GPIO_PinSource9, GPIO_AF_7);
 172              		.loc 1 50 0
 173 00ec 4FF09040 		mov	r0, #1207959552
 174 00f0 4FF00901 		mov	r1, #9
 175 00f4 4FF00702 		mov	r2, #7
 176 00f8 FFF7FEFF 		bl	GPIO_PinAFConfig
  51:../src/debug.cpp **** 	GPIO_PinAFConfig(GPIOA, GPIO_PinSource10, GPIO_AF_7);
 177              		.loc 1 51 0
 178 00fc 4FF09040 		mov	r0, #1207959552
 179 0100 4FF00A01 		mov	r1, #10
 180 0104 4FF00702 		mov	r2, #7
 181 0108 FFF7FEFF 		bl	GPIO_PinAFConfig
  52:../src/debug.cpp **** 
  53:../src/debug.cpp **** 	GPIO_Init(GPIOA, &a);
 182              		.loc 1 53 0
 183 010c 07F11803 		add	r3, r7, #24
 184 0110 4FF09040 		mov	r0, #1207959552
 185 0114 1946     		mov	r1, r3
 186 0116 FFF7FEFF 		bl	GPIO_Init
  54:../src/debug.cpp **** 
  55:../src/debug.cpp **** 	USART_Init(USART1, &u1);
 187              		.loc 1 55 0
 188 011a 3B46     		mov	r3, r7
 189 011c 4FF46050 		mov	r0, #14336
 190 0120 C4F20100 		movt	r0, 16385
 191 0124 1946     		mov	r1, r3
 192 0126 FFF7FEFF 		bl	USART_Init
  56:../src/debug.cpp **** 	USART_Cmd(USART1, ENABLE);
 193              		.loc 1 56 0
 194 012a 4FF46050 		mov	r0, #14336
 195 012e C4F20100 		movt	r0, 16385
 196 0132 4FF00101 		mov	r1, #1
 197 0136 FFF7FEFF 		bl	USART_Cmd
  57:../src/debug.cpp **** 
  58:../src/debug.cpp **** 	/* Wait until Receive enable acknowledge flag is set */
  59:../src/debug.cpp **** 	while(USART_GetFlagStatus(USART1, USART_FLAG_REACK) == RESET)
 198              		.loc 1 59 0
 199 013a 00BF     		nop
 200              	.L7:
 201              		.loc 1 59 0 is_stmt 0 discriminator 1
 202 013c 4FF46050 		mov	r0, #14336
 203 0140 C4F20100 		movt	r0, 16385
 204 0144 4FF48001 		mov	r1, #4194304
 205 0148 FFF7FEFF 		bl	USART_GetFlagStatus
 206 014c 0346     		mov	r3, r0
 207 014e 002B     		cmp	r3, #0
 208 0150 14BF     		ite	ne
 209 0152 0023     		movne	r3, #0
 210 0154 0123     		moveq	r3, #1
 211 0156 DBB2     		uxtb	r3, r3
 212 0158 002B     		cmp	r3, #0
 213 015a EFD1     		bne	.L7
  60:../src/debug.cpp **** 	{}
  61:../src/debug.cpp **** 
  62:../src/debug.cpp **** 	/* Wait until Transmit enable acknowledge flag is set */
  63:../src/debug.cpp **** 	while(USART_GetFlagStatus(USART1, USART_FLAG_TEACK) == RESET)
 214              		.loc 1 63 0 is_stmt 1
 215 015c 00BF     		nop
 216              	.L8:
 217              		.loc 1 63 0 is_stmt 0 discriminator 1
 218 015e 4FF46050 		mov	r0, #14336
 219 0162 C4F20100 		movt	r0, 16385
 220 0166 4FF40011 		mov	r1, #2097152
 221 016a FFF7FEFF 		bl	USART_GetFlagStatus
 222 016e 0346     		mov	r3, r0
 223 0170 002B     		cmp	r3, #0
 224 0172 14BF     		ite	ne
 225 0174 0023     		movne	r3, #0
 226 0176 0123     		moveq	r3, #1
 227 0178 DBB2     		uxtb	r3, r3
 228 017a 002B     		cmp	r3, #0
 229 017c EFD1     		bne	.L8
 230              	.LBE3:
  64:../src/debug.cpp **** 	{}
  65:../src/debug.cpp **** }
 231              		.loc 1 65 0 is_stmt 1
 232 017e 07F12007 		add	r7, r7, #32
 233 0182 BD46     		mov	sp, r7
 234 0184 80BD     		pop	{r7, pc}
 235              		.cfi_endproc
 236              	.LFE112:
 238 0186 00BF     		.align	2
 239              		.global	_Z19LED_MATRIX_ISR_initv
 240              		.thumb
 241              		.thumb_func
 243              	_Z19LED_MATRIX_ISR_initv:
 244              	.LFB113:
  66:../src/debug.cpp **** 
  67:../src/debug.cpp **** /* Initializes the ISR that controls the LED circle on the board to provide visual feedback to the 
  68:../src/debug.cpp ****  * along with some eye candy
  69:../src/debug.cpp ****  * Priority: 6 (LOW)
  70:../src/debug.cpp ****  */
  71:../src/debug.cpp **** 
  72:../src/debug.cpp **** void LED_MATRIX_ISR_init(void)
  73:../src/debug.cpp **** {
 245              		.loc 1 73 0
 246              		.cfi_startproc
 247              		@ args = 0, pretend = 0, frame = 24
 248              		@ frame_needed = 1, uses_anonymous_args = 0
 249 0188 80B5     		push	{r7, lr}
 250              	.LCFI6:
 251              		.cfi_def_cfa_offset 8
 252              		.cfi_offset 7, -8
 253              		.cfi_offset 14, -4
 254 018a 86B0     		sub	sp, sp, #24
 255              	.LCFI7:
 256              		.cfi_def_cfa_offset 32
 257 018c 00AF     		add	r7, sp, #0
 258              	.LCFI8:
 259              		.cfi_def_cfa_register 7
 260              	.LBB4:
  74:../src/debug.cpp **** 	// GPIO Init:
  75:../src/debug.cpp **** 
  76:../src/debug.cpp **** 	RCC_AHBPeriphClockCmd(RCC_AHBPeriph_GPIOE, ENABLE);
 261              		.loc 1 76 0
 262 018e 4FF40010 		mov	r0, #2097152
 263 0192 4FF00101 		mov	r1, #1
 264 0196 FFF7FEFF 		bl	RCC_AHBPeriphClockCmd
  77:../src/debug.cpp **** 
  78:../src/debug.cpp **** 	GPIO_InitTypeDef a;
  79:../src/debug.cpp **** 
  80:../src/debug.cpp **** 	a.GPIO_Pin = GPIO_Pin_8 | GPIO_Pin_9 | GPIO_Pin_10 | GPIO_Pin_11 | GPIO_Pin_12 | GPIO_Pin_13 | GPI
 265              		.loc 1 80 0
 266 019a 4FF47F43 		mov	r3, #65280
 267 019e 3B61     		str	r3, [r7, #16]
  81:../src/debug.cpp **** 	a.GPIO_Mode = GPIO_Mode_OUT;
 268              		.loc 1 81 0
 269 01a0 4FF00103 		mov	r3, #1
 270 01a4 3B75     		strb	r3, [r7, #20]
  82:../src/debug.cpp **** 	a.GPIO_PuPd = GPIO_PuPd_NOPULL;
 271              		.loc 1 82 0
 272 01a6 4FF00003 		mov	r3, #0
 273 01aa FB75     		strb	r3, [r7, #23]
  83:../src/debug.cpp **** 	a.GPIO_OType = GPIO_OType_PP;
 274              		.loc 1 83 0
 275 01ac 4FF00003 		mov	r3, #0
 276 01b0 BB75     		strb	r3, [r7, #22]
  84:../src/debug.cpp **** 	a.GPIO_Speed = GPIO_Speed_Level_2;
 277              		.loc 1 84 0
 278 01b2 4FF00203 		mov	r3, #2
 279 01b6 7B75     		strb	r3, [r7, #21]
  85:../src/debug.cpp **** 
  86:../src/debug.cpp **** 	GPIO_Init(GPIOE, &a);
 280              		.loc 1 86 0
 281 01b8 07F11003 		add	r3, r7, #16
 282 01bc 4FF48050 		mov	r0, #4096
 283 01c0 C4F60000 		movt	r0, 18432
 284 01c4 1946     		mov	r1, r3
 285 01c6 FFF7FEFF 		bl	GPIO_Init
  87:../src/debug.cpp **** 
  88:../src/debug.cpp **** 	NVIC_InitTypeDef nv;
  89:../src/debug.cpp **** 	TIM_TimeBaseInitTypeDef TIM6_init;
  90:../src/debug.cpp **** 
  91:../src/debug.cpp **** 	nv.NVIC_IRQChannel = TIM6_DAC_IRQn;
 286              		.loc 1 91 0
 287 01ca 4FF03603 		mov	r3, #54
 288 01ce 3B73     		strb	r3, [r7, #12]
  92:../src/debug.cpp **** 	nv.NVIC_IRQChannelPreemptionPriority = 6; // Low-priority interrupt since this is just eye-candy..
 289              		.loc 1 92 0
 290 01d0 4FF00603 		mov	r3, #6
 291 01d4 7B73     		strb	r3, [r7, #13]
  93:../src/debug.cpp **** 	nv.NVIC_IRQChannelSubPriority = 0;
 292              		.loc 1 93 0
 293 01d6 4FF00003 		mov	r3, #0
 294 01da BB73     		strb	r3, [r7, #14]
  94:../src/debug.cpp **** 	nv.NVIC_IRQChannelCmd = ENABLE;
 295              		.loc 1 94 0
 296 01dc 4FF00103 		mov	r3, #1
 297 01e0 FB73     		strb	r3, [r7, #15]
  95:../src/debug.cpp **** 
  96:../src/debug.cpp **** 	NVIC_Init(&nv);
 298              		.loc 1 96 0
 299 01e2 07F10C03 		add	r3, r7, #12
 300 01e6 1846     		mov	r0, r3
 301 01e8 FFF7FEFF 		bl	NVIC_Init
  97:../src/debug.cpp **** 
  98:../src/debug.cpp **** 	RCC_APB1PeriphClockCmd(RCC_APB1Periph_TIM6, ENABLE); //Enable TIM4 on APB1
 302              		.loc 1 98 0
 303 01ec 4FF01000 		mov	r0, #16
 304 01f0 4FF00101 		mov	r1, #1
 305 01f4 FFF7FEFF 		bl	RCC_APB1PeriphClockCmd
  99:../src/debug.cpp **** 
 100:../src/debug.cpp **** 	/*
 101:../src/debug.cpp **** 	 * UPDATE_FREQUENCY = TIM_CLK/[(PRESCALER+1)(ARR+1)(REPCOUNTER+1)]
 102:../src/debug.cpp **** 	 * 	  Prescaler -> PRESCALER
 103:../src/debug.cpp **** 	 * 	  Period -> ARR
 104:../src/debug.cpp **** 	 * 	  RepetitionCounter -> REPCOUNTER
 105:../src/debug.cpp **** 	 */
 106:../src/debug.cpp **** 
 107:../src/debug.cpp **** 	TIM6_init.TIM_Period = (10*DT_LED_MATRIX)-1;
 306              		.loc 1 107 0
 307 01f8 40F28333 		movw	r3, #899
 308 01fc 7B60     		str	r3, [r7, #4]
 108:../src/debug.cpp **** 	TIM6_init.TIM_Prescaler = 7199;
 309              		.loc 1 108 0
 310 01fe 41F61F43 		movw	r3, #7199
 311 0202 3B80     		strh	r3, [r7, #0]	@ movhi
 109:../src/debug.cpp **** 	TIM6_init.TIM_RepetitionCounter = 0;
 312              		.loc 1 109 0
 313 0204 4FF00003 		mov	r3, #0
 314 0208 BB72     		strb	r3, [r7, #10]
 110:../src/debug.cpp **** 	TIM6_init.TIM_ClockDivision = 0;
 315              		.loc 1 110 0
 316 020a 4FF00003 		mov	r3, #0
 317 020e 3B81     		strh	r3, [r7, #8]	@ movhi
 111:../src/debug.cpp **** 	TIM6_init.TIM_CounterMode = TIM_CounterMode_Up;
 318              		.loc 1 111 0
 319 0210 4FF00003 		mov	r3, #0
 320 0214 7B80     		strh	r3, [r7, #2]	@ movhi
 112:../src/debug.cpp **** 
 113:../src/debug.cpp **** 	TIM_TimeBaseInit(TIM6, &TIM6_init);
 321              		.loc 1 113 0
 322 0216 3B46     		mov	r3, r7
 323 0218 4FF48050 		mov	r0, #4096
 324 021c C4F20000 		movt	r0, 16384
 325 0220 1946     		mov	r1, r3
 326 0222 FFF7FEFF 		bl	TIM_TimeBaseInit
 114:../src/debug.cpp **** 
 115:../src/debug.cpp **** 	TIM_ITConfig(TIM6, TIM_IT_Update, ENABLE);
 327              		.loc 1 115 0
 328 0226 4FF48050 		mov	r0, #4096
 329 022a C4F20000 		movt	r0, 16384
 330 022e 4FF00101 		mov	r1, #1
 331 0232 4FF00102 		mov	r2, #1
 332 0236 FFF7FEFF 		bl	TIM_ITConfig
 116:../src/debug.cpp **** 	TIM_Cmd(TIM6, ENABLE);
 333              		.loc 1 116 0
 334 023a 4FF48050 		mov	r0, #4096
 335 023e C4F20000 		movt	r0, 16384
 336 0242 4FF00101 		mov	r1, #1
 337 0246 FFF7FEFF 		bl	TIM_Cmd
 338              	.LBE4:
 117:../src/debug.cpp **** }
 339              		.loc 1 117 0
 340 024a 07F11807 		add	r7, r7, #24
 341 024e BD46     		mov	sp, r7
 342 0250 80BD     		pop	{r7, pc}
 343              		.cfi_endproc
 344              	.LFE113:
 346              	.Letext0:
 347              		.file 2 "/home/aghosh01/gcc-arm-none-eabi-4_7-2012q4/bin/../lib/gcc/arm-none-eabi/4.7.3/../../../.
 348              		.file 3 "/home/aghosh01/git/Trinity2013/STM32F3x/inc/stm32f30x.h"
 349              		.file 4 "/home/aghosh01/git/Trinity2013/STM32F3x/inc/stm32f30x_gpio.h"
 350              		.file 5 "/home/aghosh01/git/Trinity2013/STM32F3x/inc/stm32f30x_tim.h"
 351              		.file 6 "/home/aghosh01/git/Trinity2013/STM32F3x/inc/stm32f30x_usart.h"
 352              		.file 7 "/home/aghosh01/git/Trinity2013/STM32F3x/inc/stm32f30x_misc.h"
 353              		.file 8 "/home/aghosh01/git/Trinity2013/STM32F3x/inc/core_cm4.h"
DEFINED SYMBOLS
                            *ABS*:00000000 debug.cpp
     /tmp/cc5yRpTW.s:19     .text:00000000 $t
     /tmp/cc5yRpTW.s:24     .text:00000000 _Z10blink_ledsv
     /tmp/cc5yRpTW.s:113    .text:0000008c _Z10UART1_initv
     /tmp/cc5yRpTW.s:243    .text:00000188 _Z19LED_MATRIX_ISR_initv
                     .debug_frame:00000010 $d
                           .group:00000000 wm4.1.934603b1d669cb2b32fd4cb6dd11b673
                           .group:00000000 wm4.common_headers.h.9.669975762de5793e6d2436455cef4d0e
                           .group:00000000 wm4.stm32f30x.h.56.6f19c65e98e3319a61449cb2b2455af5
                           .group:00000000 wm4.core_cm4.h.32.1434cd257ff5806b1b03cd32ab0641e9
                           .group:00000000 wm4.stdint.h.10.90b695f550ca6cc3fb08fa83baf01e05
                           .group:00000000 wm4.core_cmInstr.h.25.d8165482ef3061013a2fc83e2d85f3d9
                           .group:00000000 wm4.core_cm4_simd.h.29.013e5bcf58dba2d27c60184174208e07
                           .group:00000000 wm4.core_cm4.h.155.170ad2f92df387b9fa0dc3deabd34ef9
                           .group:00000000 wm4.stm32f30x.h.294.d8a54360eca16e4157694b52a095202d
                           .group:00000000 wm4.stm32f30x_adc.h.130.cbebad91f78fb87381fe0860eea6104e
                           .group:00000000 wm4.stm32f30x_can.h.50.8b8f5d301152c422a6e50622b33ef620
                           .group:00000000 wm4.stm32f30x_crc.h.54.66d4c5e565e18566aebd9abfd4bcd4b0
                           .group:00000000 wm4.stm32f30x_comp.h.91.06ae44150aaaa82c077b71df8db3541a
                           .group:00000000 wm4.stm32f30x_dac.h.49.b1b5b26e4ca241dbe67fa16dc86a615f
                           .group:00000000 wm4.stm32f30x_dbgmcu.h.53.b238a263ce6a2cc83f610cc35302a38b
                           .group:00000000 wm4.stm32f30x_dma.h.96.d7a2ddd10023e12781aa8ff5ac15d212
                           .group:00000000 wm4.stm32f30x_exti.h.60.8ca0809491a21dec6fc69cf7471e2bab
                           .group:00000000 wm4.stm32f30x_flash.h.70.32613455dfe7328932f786a224daac23
                           .group:00000000 wm4.stm32f30x_gpio.h.50.408e1f6250246e4cc28221970909d34c
                           .group:00000000 wm4.stm32f30x_syscfg.h.58.4cadeb4ec8e47d36b972bbb6b96b7161
                           .group:00000000 wm4.stm32f30x_i2c.h.86.3d51d4edc0e3b9ee9aae045ccbb7739a
                           .group:00000000 wm4.stm32f30x_iwdg.h.59.467d704fb073a015941f19b50fa6470a
                           .group:00000000 wm4.stm32f30x_opamp.h.75.704e2e5e2aab039de307aaa2dcc99fa5
                           .group:00000000 wm4.stm32f30x_pwr.h.59.5c85acff2a3e3c5085b2140c06025cfc
                           .group:00000000 wm4.stm32f30x_rcc.h.79.5ba7cac1e74879861a72556c25322aa4
                           .group:00000000 wm4.stm32f30x_rtc.h.133.d184e08ff40bda44db4bed94f9633384
                           .group:00000000 wm4.stm32f30x_spi.h.119.4d21ec94ec14f3553a127e61c0a9874f
                           .group:00000000 wm4.stm32f30x_tim.h.175.d4a93cff2e7924577147254e501271b6
                           .group:00000000 wm4.stm32f30x_usart.h.110.c89016273702821ff4f9fe43881f70b5
                           .group:00000000 wm4.stm32f30x_wwdg.h.58.4688eee61a2709866472b4b4c07d9275
                           .group:00000000 wm4.stm32f30x_misc.h.113.6a52e4fe7c3825a3ab05990f30dddf92

UNDEFINED SYMBOLS
GPIO_WriteBit
RCC_APB2PeriphClockCmd
RCC_AHBPeriphClockCmd
GPIO_PinAFConfig
GPIO_Init
USART_Init
USART_Cmd
USART_GetFlagStatus
NVIC_Init
RCC_APB1PeriphClockCmd
TIM_TimeBaseInit
TIM_ITConfig
TIM_Cmd
