   1              		.syntax unified
   2              		.cpu cortex-m4
   3              		.eabi_attribute 27, 3
   4              		.fpu fpv4-sp-d16
   5              		.eabi_attribute 20, 1
   6              		.eabi_attribute 21, 1
   7              		.eabi_attribute 23, 3
   8              		.eabi_attribute 24, 1
   9              		.eabi_attribute 25, 1
  10              		.eabi_attribute 26, 1
  11              		.eabi_attribute 30, 6
  12              		.eabi_attribute 34, 1
  13              		.eabi_attribute 18, 4
  14              		.thumb
  15              		.file	"stm32f30x_exti.c"
  16              		.text
  17              	.Ltext0:
  18              		.cfi_sections	.debug_frame
  19              		.align	2
  20              		.global	EXTI_DeInit
  21              		.thumb
  22              		.thumb_func
  24              	EXTI_DeInit:
  25              	.LFB111:
  26              		.file 1 "../src/stm32f30x_exti.c"
   1:../src/stm32f30x_exti.c **** /**
   2:../src/stm32f30x_exti.c ****   ******************************************************************************
   3:../src/stm32f30x_exti.c ****   * @file    stm32f30x_exti.c
   4:../src/stm32f30x_exti.c ****   * @author  MCD Application Team
   5:../src/stm32f30x_exti.c ****   * @version V1.0.1
   6:../src/stm32f30x_exti.c ****   * @date    23-October-2012
   7:../src/stm32f30x_exti.c ****   * @brief   This file provides firmware functions to manage the following 
   8:../src/stm32f30x_exti.c ****   *          functionalities of the EXTI peripheral:
   9:../src/stm32f30x_exti.c ****   *           + Initialization and Configuration 
  10:../src/stm32f30x_exti.c ****   *           + Interrupts and flags management 
  11:../src/stm32f30x_exti.c ****   *
  12:../src/stm32f30x_exti.c ****   @verbatim
  13:../src/stm32f30x_exti.c ****  ===============================================================================
  14:../src/stm32f30x_exti.c ****                           ##### EXTI features #####
  15:../src/stm32f30x_exti.c ****  ===============================================================================
  16:../src/stm32f30x_exti.c ****     [..] External interrupt/event lines are mapped as following:
  17:../src/stm32f30x_exti.c ****          (#) All available GPIO pins are connected to the 16 external 
  18:../src/stm32f30x_exti.c ****              interrupt/event lines from EXTI0 to EXTI15.
  19:../src/stm32f30x_exti.c ****          (#) EXTI line 16 is connected to the PVD output
  20:../src/stm32f30x_exti.c ****          (#) EXTI line 17 is connected to the RTC Alarm event
  21:../src/stm32f30x_exti.c ****          (#) EXTI line 18 is connected to USB Device wakeup event  
  22:../src/stm32f30x_exti.c ****          (#) EXTI line 19 is connected to the RTC Tamper and TimeStamp events
  23:../src/stm32f30x_exti.c ****          (#) EXTI line 20 is connected to the RTC wakeup event  
  24:../src/stm32f30x_exti.c ****          (#) EXTI line 21 is connected to the Comparator 1 wakeup event 
  25:../src/stm32f30x_exti.c ****          (#) EXTI line 22 is connected to the Comparator 2 wakeup event
  26:../src/stm32f30x_exti.c ****          (#) EXTI line 23 is connected to the I2C1 wakeup event
  27:../src/stm32f30x_exti.c ****          (#) EXTI line 24 is connected to the I2C2 wakeup event  
  28:../src/stm32f30x_exti.c ****          (#) EXTI line 25 is connected to the USART1 wakeup event
  29:../src/stm32f30x_exti.c ****          (#) EXTI line 26 is connected to the USART2 wakeup event  
  30:../src/stm32f30x_exti.c ****          (#) EXTI line 27 is reserved
  31:../src/stm32f30x_exti.c ****          (#) EXTI line 28 is connected to the USART3 wakeup event
  32:../src/stm32f30x_exti.c ****          (#) EXTI line 29 is connected to the Comparator 3 event
  33:../src/stm32f30x_exti.c ****          (#) EXTI line 30 is connected to the Comparator 4 event
  34:../src/stm32f30x_exti.c ****          (#) EXTI line 31 is connected to the Comparator 5 event
  35:../src/stm32f30x_exti.c ****          (#) EXTI line 32 is connected to the Comparator 6 event
  36:../src/stm32f30x_exti.c ****          (#) EXTI line 33 is connected to the Comparator 7 event
  37:../src/stm32f30x_exti.c ****          (#) EXTI line 34 is connected for thr UART4 wakeup event
  38:../src/stm32f30x_exti.c ****          (#) EXTI line 35 is connected for the UART5 wakeup event               
  39:../src/stm32f30x_exti.c **** 
  40:../src/stm32f30x_exti.c ****                        ##### How to use this driver #####
  41:../src/stm32f30x_exti.c ****  ===============================================================================
  42:../src/stm32f30x_exti.c ****     [..] In order to use an I/O pin as an external interrupt source, 
  43:../src/stm32f30x_exti.c ****          follow steps below:
  44:../src/stm32f30x_exti.c ****          (#) Configure the I/O in input mode using GPIO_Init().
  45:../src/stm32f30x_exti.c ****          (#) Select the input source pin for the EXTI line using
  46:../src/stm32f30x_exti.c ****              SYSCFG_EXTILineConfig().
  47:../src/stm32f30x_exti.c ****          (#) Select the mode(interrupt, event) and configure the trigger 
  48:../src/stm32f30x_exti.c ****              selection (Rising, falling or both) using EXTI_Init(). For the 
  49:../src/stm32f30x_exti.c ****              internal interrupt, the trigger selection is not needed 
  50:../src/stm32f30x_exti.c ****              (the active edge is always the rising one).
  51:../src/stm32f30x_exti.c ****          (#) Configure NVIC IRQ channel mapped to the EXTI line using NVIC_Init().
  52:../src/stm32f30x_exti.c ****          (#) Optionally, you can generate a software interrupt using the function 
  53:../src/stm32f30x_exti.c ****              EXTI_GenerateSWInterrupt().
  54:../src/stm32f30x_exti.c ****     [..]
  55:../src/stm32f30x_exti.c ****     (@) SYSCFG APB clock must be enabled to get write access to SYSCFG_EXTICRx
  56:../src/stm32f30x_exti.c ****       registers using RCC_APB2PeriphClockCmd(RCC_APB2Periph_SYSCFG, ENABLE);
  57:../src/stm32f30x_exti.c ****                 
  58:../src/stm32f30x_exti.c ****   @endverbatim
  59:../src/stm32f30x_exti.c **** 
  60:../src/stm32f30x_exti.c ****   ******************************************************************************
  61:../src/stm32f30x_exti.c ****   * @attention
  62:../src/stm32f30x_exti.c ****   *
  63:../src/stm32f30x_exti.c ****   * <h2><center>&copy; COPYRIGHT 2012 STMicroelectronics</center></h2>
  64:../src/stm32f30x_exti.c ****   *
  65:../src/stm32f30x_exti.c ****   * Licensed under MCD-ST Liberty SW License Agreement V2, (the "License");
  66:../src/stm32f30x_exti.c ****   * You may not use this file except in compliance with the License.
  67:../src/stm32f30x_exti.c ****   * You may obtain a copy of the License at:
  68:../src/stm32f30x_exti.c ****   *
  69:../src/stm32f30x_exti.c ****   *        http://www.st.com/software_license_agreement_liberty_v2
  70:../src/stm32f30x_exti.c ****   *
  71:../src/stm32f30x_exti.c ****   * Unless required by applicable law or agreed to in writing, software 
  72:../src/stm32f30x_exti.c ****   * distributed under the License is distributed on an "AS IS" BASIS, 
  73:../src/stm32f30x_exti.c ****   * WITHOUT WARRANTIES OR CONDITIONS OF ANY KIND, either express or implied.
  74:../src/stm32f30x_exti.c ****   * See the License for the specific language governing permissions and
  75:../src/stm32f30x_exti.c ****   * limitations under the License.
  76:../src/stm32f30x_exti.c ****   *
  77:../src/stm32f30x_exti.c ****   ******************************************************************************
  78:../src/stm32f30x_exti.c ****   */
  79:../src/stm32f30x_exti.c **** 
  80:../src/stm32f30x_exti.c **** /* Includes ------------------------------------------------------------------*/
  81:../src/stm32f30x_exti.c **** #include "stm32f30x_exti.h"
  82:../src/stm32f30x_exti.c **** 
  83:../src/stm32f30x_exti.c **** /** @addtogroup STM32F30x_StdPeriph_Driver
  84:../src/stm32f30x_exti.c ****   * @{
  85:../src/stm32f30x_exti.c ****   */
  86:../src/stm32f30x_exti.c **** 
  87:../src/stm32f30x_exti.c **** /** @defgroup EXTI 
  88:../src/stm32f30x_exti.c ****   * @brief EXTI driver modules
  89:../src/stm32f30x_exti.c ****   * @{
  90:../src/stm32f30x_exti.c ****   */
  91:../src/stm32f30x_exti.c **** 
  92:../src/stm32f30x_exti.c **** 
  93:../src/stm32f30x_exti.c **** /* Private typedef -----------------------------------------------------------*/
  94:../src/stm32f30x_exti.c **** /* Private define ------------------------------------------------------------*/
  95:../src/stm32f30x_exti.c **** #define EXTI_LINENONE     ((uint32_t)0x00000)        /* No interrupt selected */
  96:../src/stm32f30x_exti.c **** 
  97:../src/stm32f30x_exti.c **** /* Private macro -------------------------------------------------------------*/
  98:../src/stm32f30x_exti.c **** /* Private variables ---------------------------------------------------------*/
  99:../src/stm32f30x_exti.c **** /* Private function prototypes -----------------------------------------------*/
 100:../src/stm32f30x_exti.c **** /* Private functions ---------------------------------------------------------*/
 101:../src/stm32f30x_exti.c **** 
 102:../src/stm32f30x_exti.c **** /** @defgroup EXTI_Private_Functions 
 103:../src/stm32f30x_exti.c ****   * @{
 104:../src/stm32f30x_exti.c ****   */
 105:../src/stm32f30x_exti.c **** 
 106:../src/stm32f30x_exti.c **** /** @defgroup EXTI_Group1 Initialization and Configuration functions
 107:../src/stm32f30x_exti.c ****  *  @brief   Initialization and Configuration functions
 108:../src/stm32f30x_exti.c ****  *
 109:../src/stm32f30x_exti.c **** @verbatim
 110:../src/stm32f30x_exti.c ****  ===============================================================================
 111:../src/stm32f30x_exti.c ****               ##### Initialization and Configuration functions #####
 112:../src/stm32f30x_exti.c ****  ===============================================================================
 113:../src/stm32f30x_exti.c **** 
 114:../src/stm32f30x_exti.c **** @endverbatim
 115:../src/stm32f30x_exti.c ****   * @{
 116:../src/stm32f30x_exti.c ****   */
 117:../src/stm32f30x_exti.c ****     
 118:../src/stm32f30x_exti.c **** /**
 119:../src/stm32f30x_exti.c ****   * @brief  Deinitializes the EXTI peripheral registers to their default reset 
 120:../src/stm32f30x_exti.c ****   *         values.
 121:../src/stm32f30x_exti.c ****   * @param  None
 122:../src/stm32f30x_exti.c ****   * @retval None
 123:../src/stm32f30x_exti.c ****   */
 124:../src/stm32f30x_exti.c **** void EXTI_DeInit(void)
 125:../src/stm32f30x_exti.c **** {
  27              		.loc 1 125 0
  28              		.cfi_startproc
  29              		@ args = 0, pretend = 0, frame = 0
  30              		@ frame_needed = 1, uses_anonymous_args = 0
  31              		@ link register save eliminated.
  32 0000 80B4     		push	{r7}
  33              	.LCFI0:
  34              		.cfi_def_cfa_offset 4
  35              		.cfi_offset 7, -4
  36 0002 00AF     		add	r7, sp, #0
  37              	.LCFI1:
  38              		.cfi_def_cfa_register 7
 126:../src/stm32f30x_exti.c ****   EXTI->IMR    = 0x1F800000;
  39              		.loc 1 126 0
  40 0004 4FF48063 		mov	r3, #1024
  41 0008 C4F20103 		movt	r3, 16385
  42 000c 4FF0FC52 		mov	r2, #528482304
  43 0010 1A60     		str	r2, [r3, #0]
 127:../src/stm32f30x_exti.c ****   EXTI->EMR    = 0x00000000;
  44              		.loc 1 127 0
  45 0012 4FF48063 		mov	r3, #1024
  46 0016 C4F20103 		movt	r3, 16385
  47 001a 4FF00002 		mov	r2, #0
  48 001e 5A60     		str	r2, [r3, #4]
 128:../src/stm32f30x_exti.c ****   EXTI->RTSR   = 0x00000000;
  49              		.loc 1 128 0
  50 0020 4FF48063 		mov	r3, #1024
  51 0024 C4F20103 		movt	r3, 16385
  52 0028 4FF00002 		mov	r2, #0
  53 002c 9A60     		str	r2, [r3, #8]
 129:../src/stm32f30x_exti.c ****   EXTI->FTSR   = 0x00000000;
  54              		.loc 1 129 0
  55 002e 4FF48063 		mov	r3, #1024
  56 0032 C4F20103 		movt	r3, 16385
  57 0036 4FF00002 		mov	r2, #0
  58 003a DA60     		str	r2, [r3, #12]
 130:../src/stm32f30x_exti.c ****   EXTI->SWIER  = 0x00000000;
  59              		.loc 1 130 0
  60 003c 4FF48063 		mov	r3, #1024
  61 0040 C4F20103 		movt	r3, 16385
  62 0044 4FF00002 		mov	r2, #0
  63 0048 1A61     		str	r2, [r3, #16]
 131:../src/stm32f30x_exti.c ****   EXTI->PR     = 0xE07FFFFF;
  64              		.loc 1 131 0
  65 004a 4FF48063 		mov	r3, #1024
  66 004e C4F20103 		movt	r3, 16385
  67 0052 6FF0FC52 		mvn	r2, #528482304
  68 0056 5A61     		str	r2, [r3, #20]
 132:../src/stm32f30x_exti.c ****   EXTI->IMR2   = 0x0000000C;
  69              		.loc 1 132 0
  70 0058 4FF48063 		mov	r3, #1024
  71 005c C4F20103 		movt	r3, 16385
  72 0060 4FF00C02 		mov	r2, #12
  73 0064 1A62     		str	r2, [r3, #32]
 133:../src/stm32f30x_exti.c ****   EXTI->EMR2   = 0x00000000;
  74              		.loc 1 133 0
  75 0066 4FF48063 		mov	r3, #1024
  76 006a C4F20103 		movt	r3, 16385
  77 006e 4FF00002 		mov	r2, #0
  78 0072 5A62     		str	r2, [r3, #36]
 134:../src/stm32f30x_exti.c ****   EXTI->RTSR2  = 0x00000000;
  79              		.loc 1 134 0
  80 0074 4FF48063 		mov	r3, #1024
  81 0078 C4F20103 		movt	r3, 16385
  82 007c 4FF00002 		mov	r2, #0
  83 0080 9A62     		str	r2, [r3, #40]
 135:../src/stm32f30x_exti.c ****   EXTI->FTSR2  = 0x00000000;
  84              		.loc 1 135 0
  85 0082 4FF48063 		mov	r3, #1024
  86 0086 C4F20103 		movt	r3, 16385
  87 008a 4FF00002 		mov	r2, #0
  88 008e DA62     		str	r2, [r3, #44]
 136:../src/stm32f30x_exti.c ****   EXTI->SWIER2 = 0x00000000;
  89              		.loc 1 136 0
  90 0090 4FF48063 		mov	r3, #1024
  91 0094 C4F20103 		movt	r3, 16385
  92 0098 4FF00002 		mov	r2, #0
  93 009c 1A63     		str	r2, [r3, #48]
 137:../src/stm32f30x_exti.c ****   EXTI->PR2    = 0x00000003;
  94              		.loc 1 137 0
  95 009e 4FF48063 		mov	r3, #1024
  96 00a2 C4F20103 		movt	r3, 16385
  97 00a6 4FF00302 		mov	r2, #3
  98 00aa 5A63     		str	r2, [r3, #52]
 138:../src/stm32f30x_exti.c **** }
  99              		.loc 1 138 0
 100 00ac BD46     		mov	sp, r7
 101 00ae 80BC     		pop	{r7}
 102 00b0 7047     		bx	lr
 103              		.cfi_endproc
 104              	.LFE111:
 106 00b2 00BF     		.align	2
 107              		.global	EXTI_Init
 108              		.thumb
 109              		.thumb_func
 111              	EXTI_Init:
 112              	.LFB112:
 139:../src/stm32f30x_exti.c **** 
 140:../src/stm32f30x_exti.c **** /**
 141:../src/stm32f30x_exti.c ****   * @brief  Initializes the EXTI peripheral according to the specified
 142:../src/stm32f30x_exti.c ****   *         parameters in the EXTI_InitStruct.
 143:../src/stm32f30x_exti.c ****   *    EXTI_Line specifies the EXTI line (EXTI0....EXTI35).
 144:../src/stm32f30x_exti.c ****   *    EXTI_Mode specifies which EXTI line is used as interrupt or an event.
 145:../src/stm32f30x_exti.c ****   *    EXTI_Trigger selects the trigger. When the trigger occurs, interrupt
 146:../src/stm32f30x_exti.c ****   *                 pending bit will be set.
 147:../src/stm32f30x_exti.c ****   *    EXTI_LineCmd controls (Enable/Disable) the EXTI line.
 148:../src/stm32f30x_exti.c ****   * @param  EXTI_InitStruct: pointer to a EXTI_InitTypeDef structure that 
 149:../src/stm32f30x_exti.c ****   *         contains the configuration information for the EXTI peripheral.
 150:../src/stm32f30x_exti.c ****   * @retval None
 151:../src/stm32f30x_exti.c ****   */
 152:../src/stm32f30x_exti.c ****   
 153:../src/stm32f30x_exti.c **** 
 154:../src/stm32f30x_exti.c **** void EXTI_Init(EXTI_InitTypeDef* EXTI_InitStruct)
 155:../src/stm32f30x_exti.c **** {
 113              		.loc 1 155 0
 114              		.cfi_startproc
 115              		@ args = 0, pretend = 0, frame = 16
 116              		@ frame_needed = 1, uses_anonymous_args = 0
 117              		@ link register save eliminated.
 118 00b4 80B4     		push	{r7}
 119              	.LCFI2:
 120              		.cfi_def_cfa_offset 4
 121              		.cfi_offset 7, -4
 122 00b6 85B0     		sub	sp, sp, #20
 123              	.LCFI3:
 124              		.cfi_def_cfa_offset 24
 125 00b8 00AF     		add	r7, sp, #0
 126              	.LCFI4:
 127              		.cfi_def_cfa_register 7
 128 00ba 7860     		str	r0, [r7, #4]
 156:../src/stm32f30x_exti.c ****   uint32_t tmp = 0;
 129              		.loc 1 156 0
 130 00bc 4FF00003 		mov	r3, #0
 131 00c0 FB60     		str	r3, [r7, #12]
 157:../src/stm32f30x_exti.c **** 
 158:../src/stm32f30x_exti.c ****   /* Check the parameters */
 159:../src/stm32f30x_exti.c ****   assert_param(IS_EXTI_MODE(EXTI_InitStruct->EXTI_Mode));
 160:../src/stm32f30x_exti.c ****   assert_param(IS_EXTI_TRIGGER(EXTI_InitStruct->EXTI_Trigger));
 161:../src/stm32f30x_exti.c ****   assert_param(IS_EXTI_LINE_ALL(EXTI_InitStruct->EXTI_Line));
 162:../src/stm32f30x_exti.c ****   assert_param(IS_FUNCTIONAL_STATE(EXTI_InitStruct->EXTI_LineCmd));
 163:../src/stm32f30x_exti.c **** 
 164:../src/stm32f30x_exti.c ****   tmp = (uint32_t)EXTI_BASE;
 132              		.loc 1 164 0
 133 00c2 4FF48063 		mov	r3, #1024
 134 00c6 C4F20103 		movt	r3, 16385
 135 00ca FB60     		str	r3, [r7, #12]
 165:../src/stm32f30x_exti.c ****       
 166:../src/stm32f30x_exti.c ****   if (EXTI_InitStruct->EXTI_LineCmd != DISABLE)
 136              		.loc 1 166 0
 137 00cc 7B68     		ldr	r3, [r7, #4]
 138 00ce 9B79     		ldrb	r3, [r3, #6]	@ zero_extendqisi2
 139 00d0 002B     		cmp	r3, #0
 140 00d2 00F01181 		beq	.L3
 167:../src/stm32f30x_exti.c ****   {
 168:../src/stm32f30x_exti.c ****     /* Clear EXTI line configuration */   
 169:../src/stm32f30x_exti.c ****     *(__IO uint32_t *) (((uint32_t) &(EXTI->IMR)) + ((EXTI_InitStruct->EXTI_Line) >> 5 ) * 0x20) &=
 141              		.loc 1 169 0
 142 00d6 7B68     		ldr	r3, [r7, #4]
 143 00d8 1B68     		ldr	r3, [r3, #0]
 144 00da 4FEA5313 		lsr	r3, r3, #5
 145 00de 03F10073 		add	r3, r3, #33554432
 146 00e2 03F50263 		add	r3, r3, #2080
 147 00e6 4FEA4313 		lsl	r3, r3, #5
 148 00ea 1A46     		mov	r2, r3
 149 00ec 7B68     		ldr	r3, [r7, #4]
 150 00ee 1B68     		ldr	r3, [r3, #0]
 151 00f0 4FEA5313 		lsr	r3, r3, #5
 152 00f4 03F10073 		add	r3, r3, #33554432
 153 00f8 03F50263 		add	r3, r3, #2080
 154 00fc 4FEA4313 		lsl	r3, r3, #5
 155 0100 1968     		ldr	r1, [r3, #0]
 156 0102 7B68     		ldr	r3, [r7, #4]
 157 0104 1B68     		ldr	r3, [r3, #0]
 158 0106 03F01F03 		and	r3, r3, #31
 159 010a 4FF00100 		mov	r0, #1
 160 010e 00FA03F3 		lsl	r3, r0, r3
 161 0112 6FEA0303 		mvn	r3, r3
 162 0116 0B40     		ands	r3, r3, r1
 163 0118 1360     		str	r3, [r2, #0]
 170:../src/stm32f30x_exti.c ****     *(__IO uint32_t *) (((uint32_t) &(EXTI->EMR)) + ((EXTI_InitStruct->EXTI_Line) >> 5 ) * 0x20) &=
 164              		.loc 1 170 0
 165 011a 7B68     		ldr	r3, [r7, #4]
 166 011c 1B68     		ldr	r3, [r3, #0]
 167 011e 4FEA5313 		lsr	r3, r3, #5
 168 0122 4FEA4312 		lsl	r2, r3, #5
 169 0126 40F20443 		movw	r3, #1028
 170 012a C4F20103 		movt	r3, 16385
 171 012e D318     		adds	r3, r2, r3
 172 0130 1A46     		mov	r2, r3
 173 0132 7B68     		ldr	r3, [r7, #4]
 174 0134 1B68     		ldr	r3, [r3, #0]
 175 0136 4FEA5313 		lsr	r3, r3, #5
 176 013a 4FEA4311 		lsl	r1, r3, #5
 177 013e 40F20443 		movw	r3, #1028
 178 0142 C4F20103 		movt	r3, 16385
 179 0146 CB18     		adds	r3, r1, r3
 180 0148 1968     		ldr	r1, [r3, #0]
 181 014a 7B68     		ldr	r3, [r7, #4]
 182 014c 1B68     		ldr	r3, [r3, #0]
 183 014e 03F01F03 		and	r3, r3, #31
 184 0152 4FF00100 		mov	r0, #1
 185 0156 00FA03F3 		lsl	r3, r0, r3
 186 015a 6FEA0303 		mvn	r3, r3
 187 015e 0B40     		ands	r3, r3, r1
 188 0160 1360     		str	r3, [r2, #0]
 171:../src/stm32f30x_exti.c ****      
 172:../src/stm32f30x_exti.c ****     tmp += EXTI_InitStruct->EXTI_Mode + (((EXTI_InitStruct->EXTI_Line) >> 5 ) * 0x20);
 189              		.loc 1 172 0
 190 0162 7B68     		ldr	r3, [r7, #4]
 191 0164 1B79     		ldrb	r3, [r3, #4]	@ zero_extendqisi2
 192 0166 1A46     		mov	r2, r3
 193 0168 7B68     		ldr	r3, [r7, #4]
 194 016a 1B68     		ldr	r3, [r3, #0]
 195 016c 4FEA5313 		lsr	r3, r3, #5
 196 0170 4FEA4313 		lsl	r3, r3, #5
 197 0174 D318     		adds	r3, r2, r3
 198 0176 FA68     		ldr	r2, [r7, #12]
 199 0178 D318     		adds	r3, r2, r3
 200 017a FB60     		str	r3, [r7, #12]
 173:../src/stm32f30x_exti.c **** 
 174:../src/stm32f30x_exti.c ****     *(__IO uint32_t *) tmp |= (uint32_t)(1 << (EXTI_InitStruct->EXTI_Line & 0x1F));
 201              		.loc 1 174 0
 202 017c FB68     		ldr	r3, [r7, #12]
 203 017e FA68     		ldr	r2, [r7, #12]
 204 0180 1168     		ldr	r1, [r2, #0]
 205 0182 7A68     		ldr	r2, [r7, #4]
 206 0184 1268     		ldr	r2, [r2, #0]
 207 0186 02F01F02 		and	r2, r2, #31
 208 018a 4FF00100 		mov	r0, #1
 209 018e 00FA02F2 		lsl	r2, r0, r2
 210 0192 0A43     		orrs	r2, r2, r1
 211 0194 1A60     		str	r2, [r3, #0]
 175:../src/stm32f30x_exti.c ****     
 176:../src/stm32f30x_exti.c ****     tmp = (uint32_t)EXTI_BASE;
 212              		.loc 1 176 0
 213 0196 4FF48063 		mov	r3, #1024
 214 019a C4F20103 		movt	r3, 16385
 215 019e FB60     		str	r3, [r7, #12]
 177:../src/stm32f30x_exti.c **** 
 178:../src/stm32f30x_exti.c ****     /* Clear Rising Falling edge configuration */
 179:../src/stm32f30x_exti.c ****     *(__IO uint32_t *) (((uint32_t) &(EXTI->RTSR)) + ((EXTI_InitStruct->EXTI_Line) >> 5 ) * 0x20) &
 216              		.loc 1 179 0
 217 01a0 7B68     		ldr	r3, [r7, #4]
 218 01a2 1B68     		ldr	r3, [r3, #0]
 219 01a4 4FEA5313 		lsr	r3, r3, #5
 220 01a8 4FEA4312 		lsl	r2, r3, #5
 221 01ac 4FF48163 		mov	r3, #1032
 222 01b0 C4F20103 		movt	r3, 16385
 223 01b4 D318     		adds	r3, r2, r3
 224 01b6 1A46     		mov	r2, r3
 225 01b8 7B68     		ldr	r3, [r7, #4]
 226 01ba 1B68     		ldr	r3, [r3, #0]
 227 01bc 4FEA5313 		lsr	r3, r3, #5
 228 01c0 4FEA4311 		lsl	r1, r3, #5
 229 01c4 4FF48163 		mov	r3, #1032
 230 01c8 C4F20103 		movt	r3, 16385
 231 01cc CB18     		adds	r3, r1, r3
 232 01ce 1968     		ldr	r1, [r3, #0]
 233 01d0 7B68     		ldr	r3, [r7, #4]
 234 01d2 1B68     		ldr	r3, [r3, #0]
 235 01d4 03F01F03 		and	r3, r3, #31
 236 01d8 4FF00100 		mov	r0, #1
 237 01dc 00FA03F3 		lsl	r3, r0, r3
 238 01e0 6FEA0303 		mvn	r3, r3
 239 01e4 0B40     		ands	r3, r3, r1
 240 01e6 1360     		str	r3, [r2, #0]
 180:../src/stm32f30x_exti.c ****     *(__IO uint32_t *) (((uint32_t) &(EXTI->FTSR)) + ((EXTI_InitStruct->EXTI_Line) >> 5 ) * 0x20) &
 241              		.loc 1 180 0
 242 01e8 7B68     		ldr	r3, [r7, #4]
 243 01ea 1B68     		ldr	r3, [r3, #0]
 244 01ec 4FEA5313 		lsr	r3, r3, #5
 245 01f0 4FEA4312 		lsl	r2, r3, #5
 246 01f4 40F20C43 		movw	r3, #1036
 247 01f8 C4F20103 		movt	r3, 16385
 248 01fc D318     		adds	r3, r2, r3
 249 01fe 1A46     		mov	r2, r3
 250 0200 7B68     		ldr	r3, [r7, #4]
 251 0202 1B68     		ldr	r3, [r3, #0]
 252 0204 4FEA5313 		lsr	r3, r3, #5
 253 0208 4FEA4311 		lsl	r1, r3, #5
 254 020c 40F20C43 		movw	r3, #1036
 255 0210 C4F20103 		movt	r3, 16385
 256 0214 CB18     		adds	r3, r1, r3
 257 0216 1968     		ldr	r1, [r3, #0]
 258 0218 7B68     		ldr	r3, [r7, #4]
 259 021a 1B68     		ldr	r3, [r3, #0]
 260 021c 03F01F03 		and	r3, r3, #31
 261 0220 4FF00100 		mov	r0, #1
 262 0224 00FA03F3 		lsl	r3, r0, r3
 263 0228 6FEA0303 		mvn	r3, r3
 264 022c 0B40     		ands	r3, r3, r1
 265 022e 1360     		str	r3, [r2, #0]
 181:../src/stm32f30x_exti.c ****     
 182:../src/stm32f30x_exti.c ****       /* Select the trigger for the selected interrupts */
 183:../src/stm32f30x_exti.c ****     if (EXTI_InitStruct->EXTI_Trigger == EXTI_Trigger_Rising_Falling)
 266              		.loc 1 183 0
 267 0230 7B68     		ldr	r3, [r7, #4]
 268 0232 5B79     		ldrb	r3, [r3, #5]	@ zero_extendqisi2
 269 0234 102B     		cmp	r3, #16
 270 0236 44D1     		bne	.L4
 184:../src/stm32f30x_exti.c ****     {
 185:../src/stm32f30x_exti.c ****       /* Rising Falling edge */
 186:../src/stm32f30x_exti.c ****     *(__IO uint32_t *) (((uint32_t) &(EXTI->RTSR)) + ((EXTI_InitStruct->EXTI_Line) >> 5 ) * 0x20) |
 271              		.loc 1 186 0
 272 0238 7B68     		ldr	r3, [r7, #4]
 273 023a 1B68     		ldr	r3, [r3, #0]
 274 023c 4FEA5313 		lsr	r3, r3, #5
 275 0240 4FEA4312 		lsl	r2, r3, #5
 276 0244 4FF48163 		mov	r3, #1032
 277 0248 C4F20103 		movt	r3, 16385
 278 024c D318     		adds	r3, r2, r3
 279 024e 1A46     		mov	r2, r3
 280 0250 7B68     		ldr	r3, [r7, #4]
 281 0252 1B68     		ldr	r3, [r3, #0]
 282 0254 4FEA5313 		lsr	r3, r3, #5
 283 0258 4FEA4311 		lsl	r1, r3, #5
 284 025c 4FF48163 		mov	r3, #1032
 285 0260 C4F20103 		movt	r3, 16385
 286 0264 CB18     		adds	r3, r1, r3
 287 0266 1968     		ldr	r1, [r3, #0]
 288 0268 7B68     		ldr	r3, [r7, #4]
 289 026a 1B68     		ldr	r3, [r3, #0]
 290 026c 03F01F03 		and	r3, r3, #31
 291 0270 4FF00100 		mov	r0, #1
 292 0274 00FA03F3 		lsl	r3, r0, r3
 293 0278 0B43     		orrs	r3, r3, r1
 294 027a 1360     		str	r3, [r2, #0]
 187:../src/stm32f30x_exti.c ****     *(__IO uint32_t *) (((uint32_t) &(EXTI->FTSR)) + ((EXTI_InitStruct->EXTI_Line) >> 5 ) * 0x20) |
 295              		.loc 1 187 0
 296 027c 7B68     		ldr	r3, [r7, #4]
 297 027e 1B68     		ldr	r3, [r3, #0]
 298 0280 4FEA5313 		lsr	r3, r3, #5
 299 0284 4FEA4312 		lsl	r2, r3, #5
 300 0288 40F20C43 		movw	r3, #1036
 301 028c C4F20103 		movt	r3, 16385
 302 0290 D318     		adds	r3, r2, r3
 303 0292 1A46     		mov	r2, r3
 304 0294 7B68     		ldr	r3, [r7, #4]
 305 0296 1B68     		ldr	r3, [r3, #0]
 306 0298 4FEA5313 		lsr	r3, r3, #5
 307 029c 4FEA4311 		lsl	r1, r3, #5
 308 02a0 40F20C43 		movw	r3, #1036
 309 02a4 C4F20103 		movt	r3, 16385
 310 02a8 CB18     		adds	r3, r1, r3
 311 02aa 1968     		ldr	r1, [r3, #0]
 312 02ac 7B68     		ldr	r3, [r7, #4]
 313 02ae 1B68     		ldr	r3, [r3, #0]
 314 02b0 03F01F03 		and	r3, r3, #31
 315 02b4 4FF00100 		mov	r0, #1
 316 02b8 00FA03F3 		lsl	r3, r0, r3
 317 02bc 0B43     		orrs	r3, r3, r1
 318 02be 1360     		str	r3, [r2, #0]
 319 02c0 36E0     		b	.L2
 320              	.L4:
 188:../src/stm32f30x_exti.c ****     }
 189:../src/stm32f30x_exti.c ****     else
 190:../src/stm32f30x_exti.c ****     {
 191:../src/stm32f30x_exti.c ****       tmp += EXTI_InitStruct->EXTI_Trigger + (((EXTI_InitStruct->EXTI_Line) >> 5 ) * 0x20);
 321              		.loc 1 191 0
 322 02c2 7B68     		ldr	r3, [r7, #4]
 323 02c4 5B79     		ldrb	r3, [r3, #5]	@ zero_extendqisi2
 324 02c6 1A46     		mov	r2, r3
 325 02c8 7B68     		ldr	r3, [r7, #4]
 326 02ca 1B68     		ldr	r3, [r3, #0]
 327 02cc 4FEA5313 		lsr	r3, r3, #5
 328 02d0 4FEA4313 		lsl	r3, r3, #5
 329 02d4 D318     		adds	r3, r2, r3
 330 02d6 FA68     		ldr	r2, [r7, #12]
 331 02d8 D318     		adds	r3, r2, r3
 332 02da FB60     		str	r3, [r7, #12]
 192:../src/stm32f30x_exti.c **** 
 193:../src/stm32f30x_exti.c ****       *(__IO uint32_t *) tmp |= (uint32_t)(1 << (EXTI_InitStruct->EXTI_Line & 0x1F));
 333              		.loc 1 193 0
 334 02dc FB68     		ldr	r3, [r7, #12]
 335 02de FA68     		ldr	r2, [r7, #12]
 336 02e0 1168     		ldr	r1, [r2, #0]
 337 02e2 7A68     		ldr	r2, [r7, #4]
 338 02e4 1268     		ldr	r2, [r2, #0]
 339 02e6 02F01F02 		and	r2, r2, #31
 340 02ea 4FF00100 		mov	r0, #1
 341 02ee 00FA02F2 		lsl	r2, r0, r2
 342 02f2 0A43     		orrs	r2, r2, r1
 343 02f4 1A60     		str	r2, [r3, #0]
 344 02f6 1BE0     		b	.L2
 345              	.L3:
 194:../src/stm32f30x_exti.c ****     }
 195:../src/stm32f30x_exti.c ****   }
 196:../src/stm32f30x_exti.c ****       
 197:../src/stm32f30x_exti.c ****   else
 198:../src/stm32f30x_exti.c ****   {
 199:../src/stm32f30x_exti.c ****     tmp += EXTI_InitStruct->EXTI_Mode + (((EXTI_InitStruct->EXTI_Line) >> 5 ) * 0x20);
 346              		.loc 1 199 0
 347 02f8 7B68     		ldr	r3, [r7, #4]
 348 02fa 1B79     		ldrb	r3, [r3, #4]	@ zero_extendqisi2
 349 02fc 1A46     		mov	r2, r3
 350 02fe 7B68     		ldr	r3, [r7, #4]
 351 0300 1B68     		ldr	r3, [r3, #0]
 352 0302 4FEA5313 		lsr	r3, r3, #5
 353 0306 4FEA4313 		lsl	r3, r3, #5
 354 030a D318     		adds	r3, r2, r3
 355 030c FA68     		ldr	r2, [r7, #12]
 356 030e D318     		adds	r3, r2, r3
 357 0310 FB60     		str	r3, [r7, #12]
 200:../src/stm32f30x_exti.c **** 
 201:../src/stm32f30x_exti.c ****     /* Disable the selected external lines */
 202:../src/stm32f30x_exti.c ****     *(__IO uint32_t *) tmp &= ~(uint32_t)(1 << (EXTI_InitStruct->EXTI_Line & 0x1F));
 358              		.loc 1 202 0
 359 0312 FB68     		ldr	r3, [r7, #12]
 360 0314 FA68     		ldr	r2, [r7, #12]
 361 0316 1168     		ldr	r1, [r2, #0]
 362 0318 7A68     		ldr	r2, [r7, #4]
 363 031a 1268     		ldr	r2, [r2, #0]
 364 031c 02F01F02 		and	r2, r2, #31
 365 0320 4FF00100 		mov	r0, #1
 366 0324 00FA02F2 		lsl	r2, r0, r2
 367 0328 6FEA0202 		mvn	r2, r2
 368 032c 0A40     		ands	r2, r2, r1
 369 032e 1A60     		str	r2, [r3, #0]
 370              	.L2:
 203:../src/stm32f30x_exti.c ****   }
 204:../src/stm32f30x_exti.c ****          
 205:../src/stm32f30x_exti.c **** }
 371              		.loc 1 205 0
 372 0330 07F11407 		add	r7, r7, #20
 373 0334 BD46     		mov	sp, r7
 374 0336 80BC     		pop	{r7}
 375 0338 7047     		bx	lr
 376              		.cfi_endproc
 377              	.LFE112:
 379 033a 00BF     		.align	2
 380              		.global	EXTI_StructInit
 381              		.thumb
 382              		.thumb_func
 384              	EXTI_StructInit:
 385              	.LFB113:
 206:../src/stm32f30x_exti.c **** 
 207:../src/stm32f30x_exti.c **** /**
 208:../src/stm32f30x_exti.c ****   * @brief  Fills each EXTI_InitStruct member with its reset value.
 209:../src/stm32f30x_exti.c ****   * @param  EXTI_InitStruct: pointer to a EXTI_InitTypeDef structure which will
 210:../src/stm32f30x_exti.c ****   *         be initialized.
 211:../src/stm32f30x_exti.c ****   * @retval None
 212:../src/stm32f30x_exti.c ****   */
 213:../src/stm32f30x_exti.c **** void EXTI_StructInit(EXTI_InitTypeDef* EXTI_InitStruct)
 214:../src/stm32f30x_exti.c **** {
 386              		.loc 1 214 0
 387              		.cfi_startproc
 388              		@ args = 0, pretend = 0, frame = 8
 389              		@ frame_needed = 1, uses_anonymous_args = 0
 390              		@ link register save eliminated.
 391 033c 80B4     		push	{r7}
 392              	.LCFI5:
 393              		.cfi_def_cfa_offset 4
 394              		.cfi_offset 7, -4
 395 033e 83B0     		sub	sp, sp, #12
 396              	.LCFI6:
 397              		.cfi_def_cfa_offset 16
 398 0340 00AF     		add	r7, sp, #0
 399              	.LCFI7:
 400              		.cfi_def_cfa_register 7
 401 0342 7860     		str	r0, [r7, #4]
 215:../src/stm32f30x_exti.c ****   EXTI_InitStruct->EXTI_Line = EXTI_LINENONE;
 402              		.loc 1 215 0
 403 0344 7B68     		ldr	r3, [r7, #4]
 404 0346 4FF00002 		mov	r2, #0
 405 034a 1A60     		str	r2, [r3, #0]
 216:../src/stm32f30x_exti.c ****   EXTI_InitStruct->EXTI_Mode = EXTI_Mode_Interrupt;
 406              		.loc 1 216 0
 407 034c 7B68     		ldr	r3, [r7, #4]
 408 034e 4FF00002 		mov	r2, #0
 409 0352 1A71     		strb	r2, [r3, #4]
 217:../src/stm32f30x_exti.c ****   EXTI_InitStruct->EXTI_Trigger = EXTI_Trigger_Rising_Falling;
 410              		.loc 1 217 0
 411 0354 7B68     		ldr	r3, [r7, #4]
 412 0356 4FF01002 		mov	r2, #16
 413 035a 5A71     		strb	r2, [r3, #5]
 218:../src/stm32f30x_exti.c ****   EXTI_InitStruct->EXTI_LineCmd = DISABLE;
 414              		.loc 1 218 0
 415 035c 7B68     		ldr	r3, [r7, #4]
 416 035e 4FF00002 		mov	r2, #0
 417 0362 9A71     		strb	r2, [r3, #6]
 219:../src/stm32f30x_exti.c **** }
 418              		.loc 1 219 0
 419 0364 07F10C07 		add	r7, r7, #12
 420 0368 BD46     		mov	sp, r7
 421 036a 80BC     		pop	{r7}
 422 036c 7047     		bx	lr
 423              		.cfi_endproc
 424              	.LFE113:
 426 036e 00BF     		.align	2
 427              		.global	EXTI_GenerateSWInterrupt
 428              		.thumb
 429              		.thumb_func
 431              	EXTI_GenerateSWInterrupt:
 432              	.LFB114:
 220:../src/stm32f30x_exti.c **** 
 221:../src/stm32f30x_exti.c **** /**
 222:../src/stm32f30x_exti.c ****   * @brief  Generates a Software interrupt on selected EXTI line.
 223:../src/stm32f30x_exti.c ****   * @param  EXTI_Line: specifies the EXTI line on which the software interrupt
 224:../src/stm32f30x_exti.c ****   *         will be generated.
 225:../src/stm32f30x_exti.c ****   *   This parameter can be any combination of EXTI_Linex where x can be (0..20).
 226:../src/stm32f30x_exti.c ****   * @retval None
 227:../src/stm32f30x_exti.c ****   */
 228:../src/stm32f30x_exti.c **** void EXTI_GenerateSWInterrupt(uint32_t EXTI_Line)
 229:../src/stm32f30x_exti.c **** {
 433              		.loc 1 229 0
 434              		.cfi_startproc
 435              		@ args = 0, pretend = 0, frame = 8
 436              		@ frame_needed = 1, uses_anonymous_args = 0
 437              		@ link register save eliminated.
 438 0370 80B4     		push	{r7}
 439              	.LCFI8:
 440              		.cfi_def_cfa_offset 4
 441              		.cfi_offset 7, -4
 442 0372 83B0     		sub	sp, sp, #12
 443              	.LCFI9:
 444              		.cfi_def_cfa_offset 16
 445 0374 00AF     		add	r7, sp, #0
 446              	.LCFI10:
 447              		.cfi_def_cfa_register 7
 448 0376 7860     		str	r0, [r7, #4]
 230:../src/stm32f30x_exti.c ****   /* Check the parameters */
 231:../src/stm32f30x_exti.c ****   assert_param(IS_EXTI_LINE_EXT(EXTI_Line));
 232:../src/stm32f30x_exti.c **** 
 233:../src/stm32f30x_exti.c ****   *(__IO uint32_t *) (((uint32_t) &(EXTI->SWIER)) + ((EXTI_Line) >> 5 ) * 0x20) |= (uint32_t)(1 << 
 449              		.loc 1 233 0
 450 0378 7B68     		ldr	r3, [r7, #4]
 451 037a 4FEA5313 		lsr	r3, r3, #5
 452 037e 4FEA4312 		lsl	r2, r3, #5
 453 0382 4FF48263 		mov	r3, #1040
 454 0386 C4F20103 		movt	r3, 16385
 455 038a D318     		adds	r3, r2, r3
 456 038c 1A46     		mov	r2, r3
 457 038e 7B68     		ldr	r3, [r7, #4]
 458 0390 4FEA5313 		lsr	r3, r3, #5
 459 0394 4FEA4311 		lsl	r1, r3, #5
 460 0398 4FF48263 		mov	r3, #1040
 461 039c C4F20103 		movt	r3, 16385
 462 03a0 CB18     		adds	r3, r1, r3
 463 03a2 1968     		ldr	r1, [r3, #0]
 464 03a4 7B68     		ldr	r3, [r7, #4]
 465 03a6 03F01F03 		and	r3, r3, #31
 466 03aa 4FF00100 		mov	r0, #1
 467 03ae 00FA03F3 		lsl	r3, r0, r3
 468 03b2 0B43     		orrs	r3, r3, r1
 469 03b4 1360     		str	r3, [r2, #0]
 234:../src/stm32f30x_exti.c **** 
 235:../src/stm32f30x_exti.c **** }
 470              		.loc 1 235 0
 471 03b6 07F10C07 		add	r7, r7, #12
 472 03ba BD46     		mov	sp, r7
 473 03bc 80BC     		pop	{r7}
 474 03be 7047     		bx	lr
 475              		.cfi_endproc
 476              	.LFE114:
 478              		.align	2
 479              		.global	EXTI_GetFlagStatus
 480              		.thumb
 481              		.thumb_func
 483              	EXTI_GetFlagStatus:
 484              	.LFB115:
 236:../src/stm32f30x_exti.c **** 
 237:../src/stm32f30x_exti.c **** /**
 238:../src/stm32f30x_exti.c ****   * @}
 239:../src/stm32f30x_exti.c ****   */
 240:../src/stm32f30x_exti.c ****   
 241:../src/stm32f30x_exti.c **** /** @defgroup EXTI_Group2 Interrupts and flags management functions
 242:../src/stm32f30x_exti.c ****  *  @brief    EXTI Interrupts and flags management functions
 243:../src/stm32f30x_exti.c ****  *
 244:../src/stm32f30x_exti.c **** @verbatim  
 245:../src/stm32f30x_exti.c ****  ===============================================================================
 246:../src/stm32f30x_exti.c ****               ##### Interrupts and flags management functions #####
 247:../src/stm32f30x_exti.c ****  ===============================================================================
 248:../src/stm32f30x_exti.c ****     [..]
 249:../src/stm32f30x_exti.c ****     This section provides functions allowing to configure the EXTI Interrupts 
 250:../src/stm32f30x_exti.c ****     sources and check or clear the flags or pending bits status.
 251:../src/stm32f30x_exti.c ****     
 252:../src/stm32f30x_exti.c **** @endverbatim
 253:../src/stm32f30x_exti.c ****   * @{
 254:../src/stm32f30x_exti.c ****   */
 255:../src/stm32f30x_exti.c **** 
 256:../src/stm32f30x_exti.c **** /**
 257:../src/stm32f30x_exti.c ****   * @brief  Checks whether the specified EXTI line flag is set or not.
 258:../src/stm32f30x_exti.c ****   * @param  EXTI_Line: specifies the EXTI line flag to check.
 259:../src/stm32f30x_exti.c ****   *   This parameter can be any combination of EXTI_Linex where x can be (0..20).
 260:../src/stm32f30x_exti.c ****   * @retval The new state of EXTI_Line (SET or RESET).                  
 261:../src/stm32f30x_exti.c ****   */
 262:../src/stm32f30x_exti.c **** FlagStatus EXTI_GetFlagStatus(uint32_t EXTI_Line)
 263:../src/stm32f30x_exti.c **** {
 485              		.loc 1 263 0
 486              		.cfi_startproc
 487              		@ args = 0, pretend = 0, frame = 16
 488              		@ frame_needed = 1, uses_anonymous_args = 0
 489              		@ link register save eliminated.
 490 03c0 80B4     		push	{r7}
 491              	.LCFI11:
 492              		.cfi_def_cfa_offset 4
 493              		.cfi_offset 7, -4
 494 03c2 85B0     		sub	sp, sp, #20
 495              	.LCFI12:
 496              		.cfi_def_cfa_offset 24
 497 03c4 00AF     		add	r7, sp, #0
 498              	.LCFI13:
 499              		.cfi_def_cfa_register 7
 500 03c6 7860     		str	r0, [r7, #4]
 264:../src/stm32f30x_exti.c ****   FlagStatus bitstatus = RESET;
 501              		.loc 1 264 0
 502 03c8 4FF00003 		mov	r3, #0
 503 03cc FB73     		strb	r3, [r7, #15]
 265:../src/stm32f30x_exti.c ****   
 266:../src/stm32f30x_exti.c ****   /* Check the parameters */
 267:../src/stm32f30x_exti.c ****   assert_param(IS_GET_EXTI_LINE(EXTI_Line));
 268:../src/stm32f30x_exti.c ****    
 269:../src/stm32f30x_exti.c ****   if ((*(__IO uint32_t *) (((uint32_t) &(EXTI->PR)) + ((EXTI_Line) >> 5 ) * 0x20)& (uint32_t)(1 << 
 504              		.loc 1 269 0
 505 03ce 7B68     		ldr	r3, [r7, #4]
 506 03d0 4FEA5313 		lsr	r3, r3, #5
 507 03d4 4FEA4312 		lsl	r2, r3, #5
 508 03d8 40F21443 		movw	r3, #1044
 509 03dc C4F20103 		movt	r3, 16385
 510 03e0 D318     		adds	r3, r2, r3
 511 03e2 1A68     		ldr	r2, [r3, #0]
 512 03e4 7B68     		ldr	r3, [r7, #4]
 513 03e6 03F01F03 		and	r3, r3, #31
 514 03ea 4FF00101 		mov	r1, #1
 515 03ee 01FA03F3 		lsl	r3, r1, r3
 516 03f2 1340     		ands	r3, r3, r2
 517 03f4 002B     		cmp	r3, #0
 518 03f6 03D0     		beq	.L9
 270:../src/stm32f30x_exti.c ****   {
 271:../src/stm32f30x_exti.c ****     bitstatus = SET;
 519              		.loc 1 271 0
 520 03f8 4FF00103 		mov	r3, #1
 521 03fc FB73     		strb	r3, [r7, #15]
 522 03fe 02E0     		b	.L10
 523              	.L9:
 272:../src/stm32f30x_exti.c ****   }
 273:../src/stm32f30x_exti.c ****   else
 274:../src/stm32f30x_exti.c ****   {
 275:../src/stm32f30x_exti.c ****     bitstatus = RESET;
 524              		.loc 1 275 0
 525 0400 4FF00003 		mov	r3, #0
 526 0404 FB73     		strb	r3, [r7, #15]
 527              	.L10:
 276:../src/stm32f30x_exti.c ****   }
 277:../src/stm32f30x_exti.c ****   return bitstatus;
 528              		.loc 1 277 0
 529 0406 FB7B     		ldrb	r3, [r7, #15]	@ zero_extendqisi2
 278:../src/stm32f30x_exti.c **** }
 530              		.loc 1 278 0
 531 0408 1846     		mov	r0, r3
 532 040a 07F11407 		add	r7, r7, #20
 533 040e BD46     		mov	sp, r7
 534 0410 80BC     		pop	{r7}
 535 0412 7047     		bx	lr
 536              		.cfi_endproc
 537              	.LFE115:
 539              		.align	2
 540              		.global	EXTI_ClearFlag
 541              		.thumb
 542              		.thumb_func
 544              	EXTI_ClearFlag:
 545              	.LFB116:
 279:../src/stm32f30x_exti.c **** 
 280:../src/stm32f30x_exti.c **** /**
 281:../src/stm32f30x_exti.c ****   * @brief  Clears the EXTI's line pending flags.
 282:../src/stm32f30x_exti.c ****   * @param  EXTI_Line: specifies the EXTI lines flags to clear.
 283:../src/stm32f30x_exti.c ****   *   This parameter can be any combination of EXTI_Linex where x can be (0..20).
 284:../src/stm32f30x_exti.c ****   * @retval None
 285:../src/stm32f30x_exti.c ****   */
 286:../src/stm32f30x_exti.c **** void EXTI_ClearFlag(uint32_t EXTI_Line)
 287:../src/stm32f30x_exti.c **** {
 546              		.loc 1 287 0
 547              		.cfi_startproc
 548              		@ args = 0, pretend = 0, frame = 8
 549              		@ frame_needed = 1, uses_anonymous_args = 0
 550              		@ link register save eliminated.
 551 0414 80B4     		push	{r7}
 552              	.LCFI14:
 553              		.cfi_def_cfa_offset 4
 554              		.cfi_offset 7, -4
 555 0416 83B0     		sub	sp, sp, #12
 556              	.LCFI15:
 557              		.cfi_def_cfa_offset 16
 558 0418 00AF     		add	r7, sp, #0
 559              	.LCFI16:
 560              		.cfi_def_cfa_register 7
 561 041a 7860     		str	r0, [r7, #4]
 288:../src/stm32f30x_exti.c ****   /* Check the parameters */
 289:../src/stm32f30x_exti.c ****   assert_param(IS_EXTI_LINE_EXT(EXTI_Line));
 290:../src/stm32f30x_exti.c **** 
 291:../src/stm32f30x_exti.c ****   *(__IO uint32_t *) (((uint32_t) &(EXTI->PR)) + ((EXTI_Line) >> 5 ) * 0x20) = (1 << (EXTI_Line & 0
 562              		.loc 1 291 0
 563 041c 7B68     		ldr	r3, [r7, #4]
 564 041e 4FEA5313 		lsr	r3, r3, #5
 565 0422 4FEA4312 		lsl	r2, r3, #5
 566 0426 40F21443 		movw	r3, #1044
 567 042a C4F20103 		movt	r3, 16385
 568 042e D318     		adds	r3, r2, r3
 569 0430 7A68     		ldr	r2, [r7, #4]
 570 0432 02F01F02 		and	r2, r2, #31
 571 0436 4FF00101 		mov	r1, #1
 572 043a 01FA02F2 		lsl	r2, r1, r2
 573 043e 1A60     		str	r2, [r3, #0]
 292:../src/stm32f30x_exti.c **** }
 574              		.loc 1 292 0
 575 0440 07F10C07 		add	r7, r7, #12
 576 0444 BD46     		mov	sp, r7
 577 0446 80BC     		pop	{r7}
 578 0448 7047     		bx	lr
 579              		.cfi_endproc
 580              	.LFE116:
 582 044a 00BF     		.align	2
 583              		.global	EXTI_GetITStatus
 584              		.thumb
 585              		.thumb_func
 587              	EXTI_GetITStatus:
 588              	.LFB117:
 293:../src/stm32f30x_exti.c **** 
 294:../src/stm32f30x_exti.c **** /**
 295:../src/stm32f30x_exti.c ****   * @brief  Checks whether the specified EXTI line is asserted or not.
 296:../src/stm32f30x_exti.c ****   * @param  EXTI_Line: specifies the EXTI line to check.
 297:../src/stm32f30x_exti.c ****   *   This parameter can be any combination of EXTI_Linex where x can be (0..20).
 298:../src/stm32f30x_exti.c ****   * @retval The new state of EXTI_Line (SET or RESET).
 299:../src/stm32f30x_exti.c ****   */
 300:../src/stm32f30x_exti.c **** ITStatus EXTI_GetITStatus(uint32_t EXTI_Line)
 301:../src/stm32f30x_exti.c **** {
 589              		.loc 1 301 0
 590              		.cfi_startproc
 591              		@ args = 0, pretend = 0, frame = 16
 592              		@ frame_needed = 1, uses_anonymous_args = 0
 593              		@ link register save eliminated.
 594 044c 80B4     		push	{r7}
 595              	.LCFI17:
 596              		.cfi_def_cfa_offset 4
 597              		.cfi_offset 7, -4
 598 044e 85B0     		sub	sp, sp, #20
 599              	.LCFI18:
 600              		.cfi_def_cfa_offset 24
 601 0450 00AF     		add	r7, sp, #0
 602              	.LCFI19:
 603              		.cfi_def_cfa_register 7
 604 0452 7860     		str	r0, [r7, #4]
 302:../src/stm32f30x_exti.c ****   ITStatus bitstatus = RESET;
 605              		.loc 1 302 0
 606 0454 4FF00003 		mov	r3, #0
 607 0458 FB73     		strb	r3, [r7, #15]
 303:../src/stm32f30x_exti.c ****   uint32_t enablestatus = 0;
 608              		.loc 1 303 0
 609 045a 4FF00003 		mov	r3, #0
 610 045e BB60     		str	r3, [r7, #8]
 304:../src/stm32f30x_exti.c ****   
 305:../src/stm32f30x_exti.c ****   /* Check the parameters */
 306:../src/stm32f30x_exti.c ****   assert_param(IS_GET_EXTI_LINE(EXTI_Line));
 307:../src/stm32f30x_exti.c ****   
 308:../src/stm32f30x_exti.c ****   enablestatus =  *(__IO uint32_t *) (((uint32_t) &(EXTI->IMR)) + ((EXTI_Line) >> 5 ) * 0x20) & (ui
 611              		.loc 1 308 0
 612 0460 7B68     		ldr	r3, [r7, #4]
 613 0462 4FEA5313 		lsr	r3, r3, #5
 614 0466 03F10073 		add	r3, r3, #33554432
 615 046a 03F50263 		add	r3, r3, #2080
 616 046e 4FEA4313 		lsl	r3, r3, #5
 617 0472 1A68     		ldr	r2, [r3, #0]
 618 0474 7B68     		ldr	r3, [r7, #4]
 619 0476 03F01F03 		and	r3, r3, #31
 620 047a 4FF00101 		mov	r1, #1
 621 047e 01FA03F3 		lsl	r3, r1, r3
 622 0482 1340     		ands	r3, r3, r2
 623 0484 BB60     		str	r3, [r7, #8]
 309:../src/stm32f30x_exti.c ****  
 310:../src/stm32f30x_exti.c ****   if ( (((*(__IO uint32_t *) (((uint32_t) &(EXTI->PR)) + (((EXTI_Line) >> 5 ) * 0x20) )) & (uint32_
 624              		.loc 1 310 0
 625 0486 7B68     		ldr	r3, [r7, #4]
 626 0488 4FEA5313 		lsr	r3, r3, #5
 627 048c 4FEA4312 		lsl	r2, r3, #5
 628 0490 40F21443 		movw	r3, #1044
 629 0494 C4F20103 		movt	r3, 16385
 630 0498 D318     		adds	r3, r2, r3
 631 049a 1A68     		ldr	r2, [r3, #0]
 632 049c 7B68     		ldr	r3, [r7, #4]
 633 049e 03F01F03 		and	r3, r3, #31
 634 04a2 4FF00101 		mov	r1, #1
 635 04a6 01FA03F3 		lsl	r3, r1, r3
 636 04aa 1340     		ands	r3, r3, r2
 637 04ac 002B     		cmp	r3, #0
 638 04ae 06D0     		beq	.L14
 639              		.loc 1 310 0 is_stmt 0 discriminator 1
 640 04b0 BB68     		ldr	r3, [r7, #8]
 641 04b2 002B     		cmp	r3, #0
 642 04b4 03D0     		beq	.L14
 311:../src/stm32f30x_exti.c ****   {
 312:../src/stm32f30x_exti.c ****     bitstatus = SET;
 643              		.loc 1 312 0 is_stmt 1
 644 04b6 4FF00103 		mov	r3, #1
 645 04ba FB73     		strb	r3, [r7, #15]
 646 04bc 02E0     		b	.L15
 647              	.L14:
 313:../src/stm32f30x_exti.c ****   }
 314:../src/stm32f30x_exti.c ****   else
 315:../src/stm32f30x_exti.c ****   {
 316:../src/stm32f30x_exti.c ****     bitstatus = RESET;
 648              		.loc 1 316 0
 649 04be 4FF00003 		mov	r3, #0
 650 04c2 FB73     		strb	r3, [r7, #15]
 651              	.L15:
 317:../src/stm32f30x_exti.c ****   }
 318:../src/stm32f30x_exti.c ****   return bitstatus;
 652              		.loc 1 318 0
 653 04c4 FB7B     		ldrb	r3, [r7, #15]	@ zero_extendqisi2
 319:../src/stm32f30x_exti.c ****   
 320:../src/stm32f30x_exti.c **** }
 654              		.loc 1 320 0
 655 04c6 1846     		mov	r0, r3
 656 04c8 07F11407 		add	r7, r7, #20
 657 04cc BD46     		mov	sp, r7
 658 04ce 80BC     		pop	{r7}
 659 04d0 7047     		bx	lr
 660              		.cfi_endproc
 661              	.LFE117:
 663 04d2 00BF     		.align	2
 664              		.global	EXTI_ClearITPendingBit
 665              		.thumb
 666              		.thumb_func
 668              	EXTI_ClearITPendingBit:
 669              	.LFB118:
 321:../src/stm32f30x_exti.c **** 
 322:../src/stm32f30x_exti.c **** /**
 323:../src/stm32f30x_exti.c ****   * @brief  Clears the EXTI's line pending bits.
 324:../src/stm32f30x_exti.c ****   * @param  EXTI_Line: specifies the EXTI lines to clear.
 325:../src/stm32f30x_exti.c ****   *   This parameter can be any combination of EXTI_Linex where x can be (0..20).
 326:../src/stm32f30x_exti.c ****   * @retval None
 327:../src/stm32f30x_exti.c ****   */
 328:../src/stm32f30x_exti.c **** void EXTI_ClearITPendingBit(uint32_t EXTI_Line)
 329:../src/stm32f30x_exti.c **** {
 670              		.loc 1 329 0
 671              		.cfi_startproc
 672              		@ args = 0, pretend = 0, frame = 8
 673              		@ frame_needed = 1, uses_anonymous_args = 0
 674              		@ link register save eliminated.
 675 04d4 80B4     		push	{r7}
 676              	.LCFI20:
 677              		.cfi_def_cfa_offset 4
 678              		.cfi_offset 7, -4
 679 04d6 83B0     		sub	sp, sp, #12
 680              	.LCFI21:
 681              		.cfi_def_cfa_offset 16
 682 04d8 00AF     		add	r7, sp, #0
 683              	.LCFI22:
 684              		.cfi_def_cfa_register 7
 685 04da 7860     		str	r0, [r7, #4]
 330:../src/stm32f30x_exti.c ****   /* Check the parameters */
 331:../src/stm32f30x_exti.c ****   assert_param(IS_EXTI_LINE_EXT(EXTI_Line));
 332:../src/stm32f30x_exti.c ****   
 333:../src/stm32f30x_exti.c ****   *(__IO uint32_t *) (((uint32_t) &(EXTI->PR)) + ((EXTI_Line) >> 5 ) * 0x20) = (1 << (EXTI_Line & 0
 686              		.loc 1 333 0
 687 04dc 7B68     		ldr	r3, [r7, #4]
 688 04de 4FEA5313 		lsr	r3, r3, #5
 689 04e2 4FEA4312 		lsl	r2, r3, #5
 690 04e6 40F21443 		movw	r3, #1044
 691 04ea C4F20103 		movt	r3, 16385
 692 04ee D318     		adds	r3, r2, r3
 693 04f0 7A68     		ldr	r2, [r7, #4]
 694 04f2 02F01F02 		and	r2, r2, #31
 695 04f6 4FF00101 		mov	r1, #1
 696 04fa 01FA02F2 		lsl	r2, r1, r2
 697 04fe 1A60     		str	r2, [r3, #0]
 334:../src/stm32f30x_exti.c **** }
 698              		.loc 1 334 0
 699 0500 07F10C07 		add	r7, r7, #12
 700 0504 BD46     		mov	sp, r7
 701 0506 80BC     		pop	{r7}
 702 0508 7047     		bx	lr
 703              		.cfi_endproc
 704              	.LFE118:
 706              	.Letext0:
 707              		.file 2 "/home/aghosh01/gcc-arm-none-eabi-4_7-2012q4/bin/../lib/gcc/arm-none-eabi/4.7.3/../../../.
 708              		.file 3 "/home/aghosh01/git/Trinity2013/STM32F3x/inc/stm32f30x.h"
 709              		.file 4 "/home/aghosh01/git/Trinity2013/STM32F3x/inc/stm32f30x_exti.h"
 710              		.file 5 "/home/aghosh01/git/Trinity2013/STM32F3x/inc/core_cm4.h"
DEFINED SYMBOLS
                            *ABS*:00000000 stm32f30x_exti.c
     /tmp/cckljjKk.s:19     .text:00000000 $t
     /tmp/cckljjKk.s:24     .text:00000000 EXTI_DeInit
     /tmp/cckljjKk.s:111    .text:000000b4 EXTI_Init
     /tmp/cckljjKk.s:384    .text:0000033c EXTI_StructInit
     /tmp/cckljjKk.s:431    .text:00000370 EXTI_GenerateSWInterrupt
     /tmp/cckljjKk.s:483    .text:000003c0 EXTI_GetFlagStatus
     /tmp/cckljjKk.s:544    .text:00000414 EXTI_ClearFlag
     /tmp/cckljjKk.s:587    .text:0000044c EXTI_GetITStatus
     /tmp/cckljjKk.s:668    .text:000004d4 EXTI_ClearITPendingBit
                     .debug_frame:00000010 $d
                           .group:00000000 wm4.1.323dce8664331a0daf4a2675e107c70c
                           .group:00000000 wm4.stm32f30x.h.56.6f19c65e98e3319a61449cb2b2455af5
                           .group:00000000 wm4.core_cm4.h.32.1434cd257ff5806b1b03cd32ab0641e9
                           .group:00000000 wm4.stdint.h.10.90b695f550ca6cc3fb08fa83baf01e05
                           .group:00000000 wm4.core_cmInstr.h.25.d8165482ef3061013a2fc83e2d85f3d9
                           .group:00000000 wm4.core_cm4_simd.h.29.013e5bcf58dba2d27c60184174208e07
                           .group:00000000 wm4.core_cm4.h.155.cf7c793e178943e1bbf613f1b21cd51a
                           .group:00000000 wm4.stm32f30x.h.294.d8a54360eca16e4157694b52a095202d
                           .group:00000000 wm4.stm32f30x_adc.h.130.cbebad91f78fb87381fe0860eea6104e
                           .group:00000000 wm4.stm32f30x_can.h.50.8b8f5d301152c422a6e50622b33ef620
                           .group:00000000 wm4.stm32f30x_crc.h.54.66d4c5e565e18566aebd9abfd4bcd4b0
                           .group:00000000 wm4.stm32f30x_comp.h.91.06ae44150aaaa82c077b71df8db3541a
                           .group:00000000 wm4.stm32f30x_dac.h.49.b1b5b26e4ca241dbe67fa16dc86a615f
                           .group:00000000 wm4.stm32f30x_dbgmcu.h.53.b238a263ce6a2cc83f610cc35302a38b
                           .group:00000000 wm4.stm32f30x_dma.h.96.d7a2ddd10023e12781aa8ff5ac15d212
                           .group:00000000 wm4.stm32f30x_flash.h.70.32613455dfe7328932f786a224daac23
                           .group:00000000 wm4.stm32f30x_gpio.h.50.408e1f6250246e4cc28221970909d34c
                           .group:00000000 wm4.stm32f30x_syscfg.h.58.4cadeb4ec8e47d36b972bbb6b96b7161
                           .group:00000000 wm4.stm32f30x_i2c.h.86.3d51d4edc0e3b9ee9aae045ccbb7739a
                           .group:00000000 wm4.stm32f30x_iwdg.h.59.467d704fb073a015941f19b50fa6470a
                           .group:00000000 wm4.stm32f30x_opamp.h.75.704e2e5e2aab039de307aaa2dcc99fa5
                           .group:00000000 wm4.stm32f30x_pwr.h.59.5c85acff2a3e3c5085b2140c06025cfc
                           .group:00000000 wm4.stm32f30x_rcc.h.79.5ba7cac1e74879861a72556c25322aa4
                           .group:00000000 wm4.stm32f30x_rtc.h.133.d184e08ff40bda44db4bed94f9633384
                           .group:00000000 wm4.stm32f30x_spi.h.119.4d21ec94ec14f3553a127e61c0a9874f
                           .group:00000000 wm4.stm32f30x_tim.h.175.d4a93cff2e7924577147254e501271b6
                           .group:00000000 wm4.stm32f30x_usart.h.110.c89016273702821ff4f9fe43881f70b5
                           .group:00000000 wm4.stm32f30x_wwdg.h.58.4688eee61a2709866472b4b4c07d9275
                           .group:00000000 wm4.stm32f30x_misc.h.113.6a52e4fe7c3825a3ab05990f30dddf92
                           .group:00000000 wm4.stm32f30x_exti.h.60.8ca0809491a21dec6fc69cf7471e2bab

NO UNDEFINED SYMBOLS
